Flat profile:

Each sample counts as 0.01 seconds.
  %   cumulative   self              self     total           
 time   seconds   seconds    calls  ms/call  ms/call  name    
 25.03      0.12     0.12 13848817     0.00     0.00  bool std::operator< <std::string, std::allocator<std::string> >(std::vector<std::string, std::allocator<std::string> > const&, std::vector<std::string, std::allocator<std::string> > const&)
 21.76      0.22     0.10  7848809     0.00     0.00  void std::_Destroy_aux<false>::__destroy<std::string*>(std::string*, std::string*)
 17.41      0.30     0.08     3456     0.02     0.12  cartesian_product(std::vector<std::set<std::string, std::less<std::string>, std::allocator<std::string> >, std::allocator<std::set<std::string, std::less<std::string>, std::allocator<std::string> > > >&, std::set<std::vector<std::string, std::allocator<std::string> >, std::less<std::vector<std::string, std::allocator<std::string> > >, std::allocator<std::vector<std::string, std::allocator<std::string> > > >&, bool)
 13.06      0.36     0.06  5230380     0.00     0.00  std::vector<std::string, std::allocator<std::string> >::_M_insert_aux(__gnu_cxx::__normal_iterator<std::string*, std::vector<std::string, std::allocator<std::string> > >, std::string const&)
 10.88      0.41     0.05 10460760     0.00     0.00  std::string* std::__uninitialized_copy<false>::__uninit_copy<std::string*, std::string*>(std::string*, std::string*, std::string*)
  4.35      0.43     0.02  1307594     0.00     0.00  populate_tuple(std::vector<std::string, std::allocator<std::string> >&, std::vector<Counter, std::allocator<Counter> >&)
  2.18      0.44     0.01  1307594     0.00     0.00  std::_Rb_tree<std::vector<std::string, std::allocator<std::string> >, std::vector<std::string, std::allocator<std::string> >, std::_Identity<std::vector<std::string, std::allocator<std::string> > >, std::less<std::vector<std::string, std::allocator<std::string> > >, std::allocator<std::vector<std::string, std::allocator<std::string> > > >::_M_insert_(std::_Rb_tree_node_base*, std::_Rb_tree_node_base*, std::vector<std::string, std::allocator<std::string> > const&)
  2.18      0.45     0.01     6912     0.00     0.00  is_subset(std::set<std::vector<std::string, std::allocator<std::string> >, std::less<std::vector<std::string, std::allocator<std::string> > >, std::allocator<std::vector<std::string, std::allocator<std::string> > > >&, std::set<std::vector<std::string, std::allocator<std::string> >, std::less<std::vector<std::string, std::allocator<std::string> > >, std::allocator<std::vector<std::string, std::allocator<std::string> > > >&)
  2.18      0.46     0.01     1080     0.01     0.01  std::vector<std::set<std::string, std::less<std::string>, std::allocator<std::string> >, std::allocator<std::set<std::string, std::less<std::string>, std::allocator<std::string> > > >::operator=(std::vector<std::set<std::string, std::less<std::string>, std::allocator<std::string> >, std::allocator<std::set<std::string, std::less<std::string>, std::allocator<std::string> > > > const&)
  1.09      0.46     0.01        1     5.01     5.01  std::_Rb_tree<std::vector<std::string, std::allocator<std::string> >, std::vector<std::string, std::allocator<std::string> >, std::_Identity<std::vector<std::string, std::allocator<std::string> > >, std::less<std::vector<std::string, std::allocator<std::string> > >, std::allocator<std::vector<std::string, std::allocator<std::string> > > >::_M_copy(std::_Rb_tree_node<std::vector<std::string, std::allocator<std::string> > > const*, std::_Rb_tree_node<std::vector<std::string, std::allocator<std::string> > >*)
  0.00      0.46     0.00  7956375     0.00     0.00  frame_dummy
  0.00      0.46     0.00  2617349     0.00     0.00  std::vector<std::string, std::allocator<std::string> >::~vector()
  0.00      0.46     0.00  1307594     0.00     0.00  increment_counters(std::vector<Counter, std::allocator<Counter> >&)
  0.00      0.46     0.00   892283     0.00     0.00  std::_Rb_tree_const_iterator<std::vector<std::string, std::allocator<std::string> > >::operator++()
  0.00      0.46     0.00    45362     0.00     0.00  std::istreambuf_iterator<char, std::char_traits<char> >::_M_get() const
  0.00      0.46     0.00    31878     0.00     0.00  std::_Rb_tree<std::string, std::string, std::_Identity<std::string>, std::less<std::string>, std::allocator<std::string> >::_M_erase(std::_Rb_tree_node<std::string>*)
  0.00      0.46     0.00    31710     0.00     0.00  std::_Rb_tree<std::string, std::string, std::_Identity<std::string>, std::less<std::string>, std::allocator<std::string> >::_M_copy(std::_Rb_tree_node<std::string> const*, std::_Rb_tree_node<std::string>*)
  0.00      0.46     0.00    24318     0.00     0.00  std::_Rb_tree<std::string, std::string, std::_Identity<std::string>, std::less<std::string>, std::allocator<std::string> >::~_Rb_tree()
  0.00      0.46     0.00    24276     0.00     0.00  std::_Rb_tree<std::string, std::string, std::_Identity<std::string>, std::less<std::string>, std::allocator<std::string> >::_Rb_tree(std::_Rb_tree<std::string, std::string, std::_Identity<std::string>, std::less<std::string>, std::allocator<std::string> > const&)
  0.00      0.46     0.00     7560     0.00     0.00  std::_Rb_tree<std::string, std::string, std::_Identity<std::string>, std::less<std::string>, std::allocator<std::string> >::operator=(std::_Rb_tree<std::string, std::string, std::_Identity<std::string>, std::less<std::string>, std::allocator<std::string> > const&)
  0.00      0.46     0.00     5616     0.00     0.00  insert_tuple(std::vector<std::set<std::string, std::less<std::string>, std::allocator<std::string> >, std::allocator<std::set<std::string, std::less<std::string>, std::allocator<std::string> > > >&, std::vector<std::string, std::allocator<std::string> > const&)
  0.00      0.46     0.00     3486     0.00     0.00  void std::_Destroy_aux<false>::__destroy<std::set<std::string, std::less<std::string>, std::allocator<std::string> >*>(std::set<std::string, std::less<std::string>, std::allocator<std::string> >*, std::set<std::string, std::less<std::string>, std::allocator<std::string> >*)
  0.00      0.46     0.00     3462     0.00     0.00  std::vector<std::set<std::string, std::less<std::string>, std::allocator<std::string> >, std::allocator<std::set<std::string, std::less<std::string>, std::allocator<std::string> > > >::~vector()
  0.00      0.46     0.00     3457     0.00     0.00  std::_Rb_tree<std::vector<std::string, std::allocator<std::string> >, std::vector<std::string, std::allocator<std::string> >, std::_Identity<std::vector<std::string, std::allocator<std::string> > >, std::less<std::vector<std::string, std::allocator<std::string> > >, std::allocator<std::vector<std::string, std::allocator<std::string> > > >::_M_erase(std::_Rb_tree_node<std::vector<std::string, std::allocator<std::string> > >*)
  0.00      0.46     0.00     3457     0.00     0.00  std::_Rb_tree<std::vector<std::string, std::allocator<std::string> >, std::vector<std::string, std::allocator<std::string> >, std::_Identity<std::vector<std::string, std::allocator<std::string> > >, std::less<std::vector<std::string, std::allocator<std::string> > >, std::allocator<std::vector<std::string, std::allocator<std::string> > > >::~_Rb_tree()
  0.00      0.46     0.00     3456     0.00     0.00  init_counters(std::vector<Counter, std::allocator<Counter> >&, std::vector<std::set<std::string, std::less<std::string>, std::allocator<std::string> >, std::allocator<std::set<std::string, std::less<std::string>, std::allocator<std::string> > > >&)
  0.00      0.46     0.00     3456     0.00     0.00  std::_Vector_base<Counter, std::allocator<Counter> >::~_Vector_base()
  0.00      0.46     0.00     3456     0.00     0.00  std::vector<Counter, std::allocator<Counter> >::operator=(std::vector<Counter, std::allocator<Counter> > const&)
  0.00      0.46     0.00     1080     0.00     0.00  std::_Rb_tree<std::vector<std::string, std::allocator<std::string> >, std::vector<std::string, std::allocator<std::string> >, std::_Identity<std::vector<std::string, std::allocator<std::string> > >, std::less<std::vector<std::string, std::allocator<std::string> > >, std::allocator<std::vector<std::string, std::allocator<std::string> > > >::_M_insert_unique(std::vector<std::string, std::allocator<std::string> > const&)
  0.00      0.46     0.00       48     0.00     0.00  std::set<std::string, std::less<std::string>, std::allocator<std::string> >* std::__uninitialized_copy<false>::__uninit_copy<std::set<std::string, std::less<std::string>, std::allocator<std::string> >*, std::set<std::string, std::less<std::string>, std::allocator<std::string> >*>(std::set<std::string, std::less<std::string>, std::allocator<std::string> >*, std::set<std::string, std::less<std::string>, std::allocator<std::string> >*, std::set<std::string, std::less<std::string>, std::allocator<std::string> >*)
  0.00      0.46     0.00       24     0.00     0.00  std::vector<std::set<std::string, std::less<std::string>, std::allocator<std::string> >, std::allocator<std::set<std::string, std::less<std::string>, std::allocator<std::string> > > >::_M_insert_aux(__gnu_cxx::__normal_iterator<std::set<std::string, std::less<std::string>, std::allocator<std::string> >*, std::vector<std::set<std::string, std::less<std::string>, std::allocator<std::string> >, std::allocator<std::set<std::string, std::less<std::string>, std::allocator<std::string> > > > >, std::set<std::string, std::less<std::string>, std::allocator<std::string> > const&)
  0.00      0.46     0.00        6     0.00     0.00  init_generator(std::vector<std::set<std::string, std::less<std::string>, std::allocator<std::string> >, std::allocator<std::set<std::string, std::less<std::string>, std::allocator<std::string> > > >&, unsigned long)
  0.00      0.46     0.00        6     0.00     0.00  print_generator(std::vector<std::set<std::string, std::less<std::string>, std::allocator<std::string> >, std::allocator<std::set<std::string, std::less<std::string>, std::allocator<std::string> > > >&)
  0.00      0.46     0.00        1     0.00     0.00  _GLOBAL__sub_I__Z11read_tuplesRSt3setISt6vectorISsSaISsEESt4lessIS2_ESaIS2_EE
  0.00      0.46     0.00        1     0.00     0.00  _GLOBAL__sub_I__Z13init_countersRSt6vectorI7CounterSaIS0_EERS_ISt3setISsSt4lessISsESaISsEESaIS8_EE

 %         the percentage of the total running time of the
time       program used by this function.

cumulative a running sum of the number of seconds accounted
 seconds   for by this function and those listed above it.

 self      the number of seconds accounted for by this
seconds    function alone.  This is the major sort for this
           listing.

calls      the number of times this function was invoked, if
           this function is profiled, else blank.
 
 self      the average number of milliseconds spent in this
ms/call    function per call, if this function is profiled,
	   else blank.

 total     the average number of milliseconds spent in this
ms/call    function and its descendents per call, if this 
	   function is profiled, else blank.

name       the name of the function.  This is the minor sort
           for this listing. The index shows the location of
	   the function in the gprof listing. If the index is
	   in parenthesis it shows where it would appear in
	   the gprof listing if it were to be printed.

Copyright (C) 2012 Free Software Foundation, Inc.

Copying and distribution of this file, with or without modification,
are permitted in any medium without royalty provided the copyright
notice and this notice are preserved.

		     Call graph (explanation follows)


granularity: each sample hit covers 2 byte(s) for 2.17% of 0.46 seconds

index % time    self  children    called     name
                                                 <spontaneous>
[1]    100.0    0.00    0.46                 generating_sets(std::set<std::vector<std::string, std::allocator<std::string> >, std::less<std::vector<std::string, std::allocator<std::string> > >, std::allocator<std::vector<std::string, std::allocator<std::string> > > >&) [1]
                0.08    0.33    3456/3456        cartesian_product(std::vector<std::set<std::string, std::less<std::string>, std::allocator<std::string> >, std::allocator<std::set<std::string, std::less<std::string>, std::allocator<std::string> > > >&, std::set<std::vector<std::string, std::allocator<std::string> >, std::less<std::vector<std::string, std::allocator<std::string> > >, std::allocator<std::vector<std::string, std::allocator<std::string> > > >&, bool) [2]
                0.01    0.01    6912/6912        is_subset(std::set<std::vector<std::string, std::allocator<std::string> >, std::less<std::vector<std::string, std::allocator<std::string> > >, std::allocator<std::vector<std::string, std::allocator<std::string> > > >&, std::set<std::vector<std::string, std::allocator<std::string> >, std::less<std::vector<std::string, std::allocator<std::string> > >, std::allocator<std::vector<std::string, std::allocator<std::string> > > >&) [9]
                0.00    0.02    3457/3457        std::_Rb_tree<std::vector<std::string, std::allocator<std::string> >, std::vector<std::string, std::allocator<std::string> >, std::_Identity<std::vector<std::string, std::allocator<std::string> > >, std::less<std::vector<std::string, std::allocator<std::string> > >, std::allocator<std::vector<std::string, std::allocator<std::string> > > >::_M_erase(std::_Rb_tree_node<std::vector<std::string, std::allocator<std::string> > >*) [11]
                0.01    0.00    1080/1080        std::vector<std::set<std::string, std::less<std::string>, std::allocator<std::string> >, std::allocator<std::set<std::string, std::less<std::string>, std::allocator<std::string> > > >::operator=(std::vector<std::set<std::string, std::less<std::string>, std::allocator<std::string> >, std::allocator<std::set<std::string, std::less<std::string>, std::allocator<std::string> > > > const&) [12]
                0.01    0.00       1/1           std::_Rb_tree<std::vector<std::string, std::allocator<std::string> >, std::vector<std::string, std::allocator<std::string> >, std::_Identity<std::vector<std::string, std::allocator<std::string> > >, std::less<std::vector<std::string, std::allocator<std::string> > >, std::allocator<std::vector<std::string, std::allocator<std::string> > > >::_M_copy(std::_Rb_tree_node<std::vector<std::string, std::allocator<std::string> > > const*, std::_Rb_tree_node<std::vector<std::string, std::allocator<std::string> > >*) [13]
                0.00    0.00    1080/2617349     std::vector<std::string, std::allocator<std::string> >::~vector() [8]
                0.00    0.00    7998/7956375     frame_dummy [16]
                0.00    0.00    3462/3462        std::vector<std::set<std::string, std::less<std::string>, std::allocator<std::string> >, std::allocator<std::set<std::string, std::less<std::string>, std::allocator<std::string> > > >::~vector() [33]
                0.00    0.00    3457/3457        std::_Rb_tree<std::vector<std::string, std::allocator<std::string> >, std::vector<std::string, std::allocator<std::string> >, std::_Identity<std::vector<std::string, std::allocator<std::string> > >, std::less<std::vector<std::string, std::allocator<std::string> > >, std::allocator<std::vector<std::string, std::allocator<std::string> > > >::~_Rb_tree() [34]
                0.00    0.00    3456/5616        insert_tuple(std::vector<std::set<std::string, std::less<std::string>, std::allocator<std::string> >, std::allocator<std::set<std::string, std::less<std::string>, std::allocator<std::string> > > >&, std::vector<std::string, std::allocator<std::string> > const&) [31]
                0.00    0.00    2376/892283      std::_Rb_tree_const_iterator<std::vector<std::string, std::allocator<std::string> > >::operator++() [24]
                0.00    0.00       6/6           init_generator(std::vector<std::set<std::string, std::less<std::string>, std::allocator<std::string> >, std::allocator<std::set<std::string, std::less<std::string>, std::allocator<std::string> > > >&, unsigned long) [40]
                0.00    0.00       6/6           print_generator(std::vector<std::set<std::string, std::less<std::string>, std::allocator<std::string> >, std::allocator<std::set<std::string, std::less<std::string>, std::allocator<std::string> > > >&) [41]
-----------------------------------------------
                0.08    0.33    3456/3456        generating_sets(std::set<std::vector<std::string, std::allocator<std::string> >, std::less<std::vector<std::string, std::allocator<std::string> > >, std::allocator<std::vector<std::string, std::allocator<std::string> > > >&) [1]
[2]     88.3    0.08    0.33    3456         cartesian_product(std::vector<std::set<std::string, std::less<std::string>, std::allocator<std::string> >, std::allocator<std::set<std::string, std::less<std::string>, std::allocator<std::string> > > >&, std::set<std::vector<std::string, std::allocator<std::string> >, std::less<std::vector<std::string, std::allocator<std::string> > >, std::allocator<std::vector<std::string, std::allocator<std::string> > > >&, bool) [2]
                0.02    0.18 1307594/1307594     populate_tuple(std::vector<std::string, std::allocator<std::string> >&, std::vector<Counter, std::allocator<Counter> >&) [3]
                0.09    0.00 11061572/13848817     bool std::operator< <std::string, std::allocator<std::string> >(std::vector<std::string, std::allocator<std::string> > const&, std::vector<std::string, std::allocator<std::string> > const&) [5]
                0.01    0.01 1307594/1307594     std::_Rb_tree<std::vector<std::string, std::allocator<std::string> >, std::vector<std::string, std::allocator<std::string> >, std::_Identity<std::vector<std::string, std::allocator<std::string> > >, std::less<std::vector<std::string, std::allocator<std::string> > >, std::allocator<std::vector<std::string, std::allocator<std::string> > > >::_M_insert_(std::_Rb_tree_node_base*, std::_Rb_tree_node_base*, std::vector<std::string, std::allocator<std::string> > const&) [10]
                0.00    0.02 1307594/2617349     std::vector<std::string, std::allocator<std::string> >::~vector() [8]
                0.00    0.00 1307594/1307594     increment_counters(std::vector<Counter, std::allocator<Counter> >&) [23]
                0.00    0.00 1307594/7956375     frame_dummy [16]
                0.00    0.00    3456/3456        init_counters(std::vector<Counter, std::allocator<Counter> >&, std::vector<std::set<std::string, std::less<std::string>, std::allocator<std::string> >, std::allocator<std::set<std::string, std::less<std::string>, std::allocator<std::string> > > >&) [35]
                0.00    0.00    3456/3456        std::_Vector_base<Counter, std::allocator<Counter> >::~_Vector_base() [36]
-----------------------------------------------
                0.02    0.18 1307594/1307594     cartesian_product(std::vector<std::set<std::string, std::less<std::string>, std::allocator<std::string> >, std::allocator<std::set<std::string, std::less<std::string>, std::allocator<std::string> > > >&, std::set<std::vector<std::string, std::allocator<std::string> >, std::less<std::vector<std::string, std::allocator<std::string> > >, std::allocator<std::vector<std::string, std::allocator<std::string> > > >&, bool) [2]
[3]     42.7    0.02    0.18 1307594         populate_tuple(std::vector<std::string, std::allocator<std::string> >&, std::vector<Counter, std::allocator<Counter> >&) [3]
                0.06    0.12 5230376/5230380     std::vector<std::string, std::allocator<std::string> >::_M_insert_aux(__gnu_cxx::__normal_iterator<std::string*, std::vector<std::string, std::allocator<std::string> > >, std::string const&) [4]
-----------------------------------------------
                0.00    0.00       4/5230380     read_tuples(std::set<std::vector<std::string, std::allocator<std::string> >, std::less<std::vector<std::string, std::allocator<std::string> > >, std::allocator<std::vector<std::string, std::allocator<std::string> > > >&) [14]
                0.06    0.12 5230376/5230380     populate_tuple(std::vector<std::string, std::allocator<std::string> >&, std::vector<Counter, std::allocator<Counter> >&) [3]
[4]     38.4    0.06    0.12 5230380         std::vector<std::string, std::allocator<std::string> >::_M_insert_aux(__gnu_cxx::__normal_iterator<std::string*, std::vector<std::string, std::allocator<std::string> > >, std::string const&) [4]
                0.07    0.00 5230380/7848809     void std::_Destroy_aux<false>::__destroy<std::string*>(std::string*, std::string*) [6]
                0.05    0.00 10460760/10460760     std::string* std::__uninitialized_copy<false>::__uninit_copy<std::string*, std::string*>(std::string*, std::string*, std::string*) [7]
                0.00    0.00 5230380/7956375     frame_dummy [16]
-----------------------------------------------
                0.00    0.00   18057/13848817     std::_Rb_tree<std::vector<std::string, std::allocator<std::string> >, std::vector<std::string, std::allocator<std::string> >, std::_Identity<std::vector<std::string, std::allocator<std::string> > >, std::less<std::vector<std::string, std::allocator<std::string> > >, std::allocator<std::vector<std::string, std::allocator<std::string> > > >::_M_insert_unique(std::vector<std::string, std::allocator<std::string> > const&) [15]
                0.01    0.00 1304138/13848817     std::_Rb_tree<std::vector<std::string, std::allocator<std::string> >, std::vector<std::string, std::allocator<std::string> >, std::_Identity<std::vector<std::string, std::allocator<std::string> > >, std::less<std::vector<std::string, std::allocator<std::string> > >, std::allocator<std::vector<std::string, std::allocator<std::string> > > >::_M_insert_(std::_Rb_tree_node_base*, std::_Rb_tree_node_base*, std::vector<std::string, std::allocator<std::string> > const&) [10]
                0.01    0.00 1465050/13848817     is_subset(std::set<std::vector<std::string, std::allocator<std::string> >, std::less<std::vector<std::string, std::allocator<std::string> > >, std::allocator<std::vector<std::string, std::allocator<std::string> > > >&, std::set<std::vector<std::string, std::allocator<std::string> >, std::less<std::vector<std::string, std::allocator<std::string> > >, std::allocator<std::vector<std::string, std::allocator<std::string> > > >&) [9]
                0.09    0.00 11061572/13848817     cartesian_product(std::vector<std::set<std::string, std::less<std::string>, std::allocator<std::string> >, std::allocator<std::set<std::string, std::less<std::string>, std::allocator<std::string> > > >&, std::set<std::vector<std::string, std::allocator<std::string> >, std::less<std::vector<std::string, std::allocator<std::string> > >, std::allocator<std::vector<std::string, std::allocator<std::string> > > >&, bool) [2]
[5]     25.0    0.12    0.00 13848817         bool std::operator< <std::string, std::allocator<std::string> >(std::vector<std::string, std::allocator<std::string> > const&, std::vector<std::string, std::allocator<std::string> > const&) [5]
-----------------------------------------------
                0.00    0.00    1080/7848809     read_tuples(std::set<std::vector<std::string, std::allocator<std::string> >, std::less<std::vector<std::string, std::allocator<std::string> > >, std::allocator<std::vector<std::string, std::allocator<std::string> > > >&) [14]
                0.03    0.00 2617349/7848809     std::vector<std::string, std::allocator<std::string> >::~vector() [8]
                0.07    0.00 5230380/7848809     std::vector<std::string, std::allocator<std::string> >::_M_insert_aux(__gnu_cxx::__normal_iterator<std::string*, std::vector<std::string, std::allocator<std::string> > >, std::string const&) [4]
[6]     21.7    0.10    0.00 7848809         void std::_Destroy_aux<false>::__destroy<std::string*>(std::string*, std::string*) [6]
-----------------------------------------------
                0.05    0.00 10460760/10460760     std::vector<std::string, std::allocator<std::string> >::_M_insert_aux(__gnu_cxx::__normal_iterator<std::string*, std::vector<std::string, std::allocator<std::string> > >, std::string const&) [4]
[7]     10.9    0.05    0.00 10460760         std::string* std::__uninitialized_copy<false>::__uninit_copy<std::string*, std::string*>(std::string*, std::string*, std::string*) [7]
-----------------------------------------------
                0.00    0.00       1/2617349     read_tuples(std::set<std::vector<std::string, std::allocator<std::string> >, std::less<std::vector<std::string, std::allocator<std::string> > >, std::allocator<std::vector<std::string, std::allocator<std::string> > > >&) [14]
                0.00    0.00    1080/2617349     generating_sets(std::set<std::vector<std::string, std::allocator<std::string> >, std::less<std::vector<std::string, std::allocator<std::string> > >, std::allocator<std::vector<std::string, std::allocator<std::string> > > >&) [1]
                0.00    0.02 1307594/2617349     cartesian_product(std::vector<std::set<std::string, std::less<std::string>, std::allocator<std::string> >, std::allocator<std::set<std::string, std::less<std::string>, std::allocator<std::string> > > >&, std::set<std::vector<std::string, std::allocator<std::string> >, std::less<std::vector<std::string, std::allocator<std::string> > >, std::allocator<std::vector<std::string, std::allocator<std::string> > > >&, bool) [2]
                0.00    0.02 1308674/2617349     std::_Rb_tree<std::vector<std::string, std::allocator<std::string> >, std::vector<std::string, std::allocator<std::string> >, std::_Identity<std::vector<std::string, std::allocator<std::string> > >, std::less<std::vector<std::string, std::allocator<std::string> > >, std::allocator<std::vector<std::string, std::allocator<std::string> > > >::_M_erase(std::_Rb_tree_node<std::vector<std::string, std::allocator<std::string> > >*) [11]
[8]      7.2    0.00    0.03 2617349         std::vector<std::string, std::allocator<std::string> >::~vector() [8]
                0.03    0.00 2617349/7848809     void std::_Destroy_aux<false>::__destroy<std::string*>(std::string*, std::string*) [6]
-----------------------------------------------
                0.01    0.01    6912/6912        generating_sets(std::set<std::vector<std::string, std::allocator<std::string> >, std::less<std::vector<std::string, std::allocator<std::string> > >, std::allocator<std::vector<std::string, std::allocator<std::string> > > >&) [1]
[9]      4.8    0.01    0.01    6912         is_subset(std::set<std::vector<std::string, std::allocator<std::string> >, std::less<std::vector<std::string, std::allocator<std::string> > >, std::allocator<std::vector<std::string, std::allocator<std::string> > > >&, std::set<std::vector<std::string, std::allocator<std::string> >, std::less<std::vector<std::string, std::allocator<std::string> > >, std::allocator<std::vector<std::string, std::allocator<std::string> > > >&) [9]
                0.01    0.00 1465050/13848817     bool std::operator< <std::string, std::allocator<std::string> >(std::vector<std::string, std::allocator<std::string> > const&, std::vector<std::string, std::allocator<std::string> > const&) [5]
                0.00    0.00  889907/892283      std::_Rb_tree_const_iterator<std::vector<std::string, std::allocator<std::string> > >::operator++() [24]
                0.00    0.00   24192/24276       std::_Rb_tree<std::string, std::string, std::_Identity<std::string>, std::less<std::string>, std::allocator<std::string> >::_Rb_tree(std::_Rb_tree<std::string, std::string, std::_Identity<std::string>, std::less<std::string>, std::allocator<std::string> > const&) [29]
-----------------------------------------------
                0.01    0.01 1307594/1307594     cartesian_product(std::vector<std::set<std::string, std::less<std::string>, std::allocator<std::string> >, std::allocator<std::set<std::string, std::less<std::string>, std::allocator<std::string> > > >&, std::set<std::vector<std::string, std::allocator<std::string> >, std::less<std::vector<std::string, std::allocator<std::string> > >, std::allocator<std::vector<std::string, std::allocator<std::string> > > >&, bool) [2]
[10]     4.5    0.01    0.01 1307594         std::_Rb_tree<std::vector<std::string, std::allocator<std::string> >, std::vector<std::string, std::allocator<std::string> >, std::_Identity<std::vector<std::string, std::allocator<std::string> > >, std::less<std::vector<std::string, std::allocator<std::string> > >, std::allocator<std::vector<std::string, std::allocator<std::string> > > >::_M_insert_(std::_Rb_tree_node_base*, std::_Rb_tree_node_base*, std::vector<std::string, std::allocator<std::string> > const&) [10]
                0.01    0.00 1304138/13848817     bool std::operator< <std::string, std::allocator<std::string> >(std::vector<std::string, std::allocator<std::string> > const&, std::vector<std::string, std::allocator<std::string> > const&) [5]
-----------------------------------------------
                             1308674             std::_Rb_tree<std::vector<std::string, std::allocator<std::string> >, std::vector<std::string, std::allocator<std::string> >, std::_Identity<std::vector<std::string, std::allocator<std::string> > >, std::less<std::vector<std::string, std::allocator<std::string> > >, std::allocator<std::vector<std::string, std::allocator<std::string> > > >::_M_erase(std::_Rb_tree_node<std::vector<std::string, std::allocator<std::string> > >*) [11]
                0.00    0.02    3457/3457        generating_sets(std::set<std::vector<std::string, std::allocator<std::string> >, std::less<std::vector<std::string, std::allocator<std::string> > >, std::allocator<std::vector<std::string, std::allocator<std::string> > > >&) [1]
[11]     3.6    0.00    0.02    3457+1308674 std::_Rb_tree<std::vector<std::string, std::allocator<std::string> >, std::vector<std::string, std::allocator<std::string> >, std::_Identity<std::vector<std::string, std::allocator<std::string> > >, std::less<std::vector<std::string, std::allocator<std::string> > >, std::allocator<std::vector<std::string, std::allocator<std::string> > > >::_M_erase(std::_Rb_tree_node<std::vector<std::string, std::allocator<std::string> > >*) [11]
                0.00    0.02 1308674/2617349     std::vector<std::string, std::allocator<std::string> >::~vector() [8]
                0.00    0.00 1308674/7956375     frame_dummy [16]
                             1308674             std::_Rb_tree<std::vector<std::string, std::allocator<std::string> >, std::vector<std::string, std::allocator<std::string> >, std::_Identity<std::vector<std::string, std::allocator<std::string> > >, std::less<std::vector<std::string, std::allocator<std::string> > >, std::allocator<std::vector<std::string, std::allocator<std::string> > > >::_M_erase(std::_Rb_tree_node<std::vector<std::string, std::allocator<std::string> > >*) [11]
-----------------------------------------------
                0.01    0.00    1080/1080        generating_sets(std::set<std::vector<std::string, std::allocator<std::string> >, std::less<std::vector<std::string, std::allocator<std::string> > >, std::allocator<std::vector<std::string, std::allocator<std::string> > > >&) [1]
[12]     2.2    0.01    0.00    1080         std::vector<std::set<std::string, std::less<std::string>, std::allocator<std::string> >, std::allocator<std::set<std::string, std::less<std::string>, std::allocator<std::string> > > >::operator=(std::vector<std::set<std::string, std::less<std::string>, std::allocator<std::string> >, std::allocator<std::set<std::string, std::less<std::string>, std::allocator<std::string> > > > const&) [12]
                0.00    0.00    7560/7560        std::_Rb_tree<std::string, std::string, std::_Identity<std::string>, std::less<std::string>, std::allocator<std::string> >::operator=(std::_Rb_tree<std::string, std::string, std::_Identity<std::string>, std::less<std::string>, std::allocator<std::string> > const&) [30]
-----------------------------------------------
                                 540             std::_Rb_tree<std::vector<std::string, std::allocator<std::string> >, std::vector<std::string, std::allocator<std::string> >, std::_Identity<std::vector<std::string, std::allocator<std::string> > >, std::less<std::vector<std::string, std::allocator<std::string> > >, std::allocator<std::vector<std::string, std::allocator<std::string> > > >::_M_copy(std::_Rb_tree_node<std::vector<std::string, std::allocator<std::string> > > const*, std::_Rb_tree_node<std::vector<std::string, std::allocator<std::string> > >*) [13]
                0.01    0.00       1/1           generating_sets(std::set<std::vector<std::string, std::allocator<std::string> >, std::less<std::vector<std::string, std::allocator<std::string> > >, std::allocator<std::vector<std::string, std::allocator<std::string> > > >&) [1]
[13]     1.1    0.01    0.00       1+540     std::_Rb_tree<std::vector<std::string, std::allocator<std::string> >, std::vector<std::string, std::allocator<std::string> >, std::_Identity<std::vector<std::string, std::allocator<std::string> > >, std::less<std::vector<std::string, std::allocator<std::string> > >, std::allocator<std::vector<std::string, std::allocator<std::string> > > >::_M_copy(std::_Rb_tree_node<std::vector<std::string, std::allocator<std::string> > > const*, std::_Rb_tree_node<std::vector<std::string, std::allocator<std::string> > >*) [13]
                0.00    0.00    1080/5616        insert_tuple(std::vector<std::set<std::string, std::less<std::string>, std::allocator<std::string> >, std::allocator<std::set<std::string, std::less<std::string>, std::allocator<std::string> > > >&, std::vector<std::string, std::allocator<std::string> > const&) [31]
                                 540             std::_Rb_tree<std::vector<std::string, std::allocator<std::string> >, std::vector<std::string, std::allocator<std::string> >, std::_Identity<std::vector<std::string, std::allocator<std::string> > >, std::less<std::vector<std::string, std::allocator<std::string> > >, std::allocator<std::vector<std::string, std::allocator<std::string> > > >::_M_copy(std::_Rb_tree_node<std::vector<std::string, std::allocator<std::string> > > const*, std::_Rb_tree_node<std::vector<std::string, std::allocator<std::string> > >*) [13]
-----------------------------------------------
                                                 <spontaneous>
[14]     0.0    0.00    0.00                 read_tuples(std::set<std::vector<std::string, std::allocator<std::string> >, std::less<std::vector<std::string, std::allocator<std::string> > >, std::allocator<std::vector<std::string, std::allocator<std::string> > > >&) [14]
                0.00    0.00    1080/1080        std::_Rb_tree<std::vector<std::string, std::allocator<std::string> >, std::vector<std::string, std::allocator<std::string> >, std::_Identity<std::vector<std::string, std::allocator<std::string> > >, std::less<std::vector<std::string, std::allocator<std::string> > >, std::allocator<std::vector<std::string, std::allocator<std::string> > > >::_M_insert_unique(std::vector<std::string, std::allocator<std::string> > const&) [15]
                0.00    0.00    1080/7848809     void std::_Destroy_aux<false>::__destroy<std::string*>(std::string*, std::string*) [6]
                0.00    0.00       4/5230380     std::vector<std::string, std::allocator<std::string> >::_M_insert_aux(__gnu_cxx::__normal_iterator<std::string*, std::vector<std::string, std::allocator<std::string> > >, std::string const&) [4]
                0.00    0.00       1/2617349     std::vector<std::string, std::allocator<std::string> >::~vector() [8]
                0.00    0.00   45362/45362       std::istreambuf_iterator<char, std::char_traits<char> >::_M_get() const [25]
                0.00    0.00       1/7956375     frame_dummy [16]
-----------------------------------------------
                0.00    0.00    1080/1080        read_tuples(std::set<std::vector<std::string, std::allocator<std::string> >, std::less<std::vector<std::string, std::allocator<std::string> > >, std::allocator<std::vector<std::string, std::allocator<std::string> > > >&) [14]
[15]     0.0    0.00    0.00    1080         std::_Rb_tree<std::vector<std::string, std::allocator<std::string> >, std::vector<std::string, std::allocator<std::string> >, std::_Identity<std::vector<std::string, std::allocator<std::string> > >, std::less<std::vector<std::string, std::allocator<std::string> > >, std::allocator<std::vector<std::string, std::allocator<std::string> > > >::_M_insert_unique(std::vector<std::string, std::allocator<std::string> > const&) [15]
                0.00    0.00   18057/13848817     bool std::operator< <std::string, std::allocator<std::string> >(std::vector<std::string, std::allocator<std::string> > const&, std::vector<std::string, std::allocator<std::string> > const&) [5]
                0.00    0.00    1080/5616        insert_tuple(std::vector<std::set<std::string, std::less<std::string>, std::allocator<std::string> >, std::allocator<std::set<std::string, std::less<std::string>, std::allocator<std::string> > > >&, std::vector<std::string, std::allocator<std::string> > const&) [31]
-----------------------------------------------
                0.00    0.00       1/7956375     read_tuples(std::set<std::vector<std::string, std::allocator<std::string> >, std::less<std::vector<std::string, std::allocator<std::string> > >, std::allocator<std::vector<std::string, std::allocator<std::string> > > >&) [14]
                0.00    0.00      48/7956375     std::vector<std::set<std::string, std::less<std::string>, std::allocator<std::string> >, std::allocator<std::set<std::string, std::less<std::string>, std::allocator<std::string> > > >::_M_insert_aux(__gnu_cxx::__normal_iterator<std::set<std::string, std::less<std::string>, std::allocator<std::string> >*, std::vector<std::set<std::string, std::less<std::string>, std::allocator<std::string> >, std::allocator<std::set<std::string, std::less<std::string>, std::allocator<std::string> > > > >, std::set<std::string, std::less<std::string>, std::allocator<std::string> > const&) [39]
                0.00    0.00    5848/7956375     insert_tuple(std::vector<std::set<std::string, std::less<std::string>, std::allocator<std::string> >, std::allocator<std::set<std::string, std::less<std::string>, std::allocator<std::string> > > >&, std::vector<std::string, std::allocator<std::string> > const&) [31]
                0.00    0.00    7998/7956375     generating_sets(std::set<std::vector<std::string, std::allocator<std::string> >, std::less<std::vector<std::string, std::allocator<std::string> > >, std::allocator<std::vector<std::string, std::allocator<std::string> > > >&) [1]
                0.00    0.00   95832/7956375     std::_Rb_tree<std::string, std::string, std::_Identity<std::string>, std::less<std::string>, std::allocator<std::string> >::_M_copy(std::_Rb_tree_node<std::string> const*, std::_Rb_tree_node<std::string>*) [27]
                0.00    0.00 1307594/7956375     cartesian_product(std::vector<std::set<std::string, std::less<std::string>, std::allocator<std::string> >, std::allocator<std::set<std::string, std::less<std::string>, std::allocator<std::string> > > >&, std::set<std::vector<std::string, std::allocator<std::string> >, std::less<std::vector<std::string, std::allocator<std::string> > >, std::allocator<std::vector<std::string, std::allocator<std::string> > > >&, bool) [2]
                0.00    0.00 1308674/7956375     std::_Rb_tree<std::vector<std::string, std::allocator<std::string> >, std::vector<std::string, std::allocator<std::string> >, std::_Identity<std::vector<std::string, std::allocator<std::string> > >, std::less<std::vector<std::string, std::allocator<std::string> > >, std::allocator<std::vector<std::string, std::allocator<std::string> > > >::_M_erase(std::_Rb_tree_node<std::vector<std::string, std::allocator<std::string> > >*) [11]
                0.00    0.00 5230380/7956375     std::vector<std::string, std::allocator<std::string> >::_M_insert_aux(__gnu_cxx::__normal_iterator<std::string*, std::vector<std::string, std::allocator<std::string> > >, std::string const&) [4]
[16]     0.0    0.00    0.00 7956375         frame_dummy [16]
-----------------------------------------------
                0.00    0.00 1307594/1307594     cartesian_product(std::vector<std::set<std::string, std::less<std::string>, std::allocator<std::string> >, std::allocator<std::set<std::string, std::less<std::string>, std::allocator<std::string> > > >&, std::set<std::vector<std::string, std::allocator<std::string> >, std::less<std::vector<std::string, std::allocator<std::string> > >, std::allocator<std::vector<std::string, std::allocator<std::string> > > >&, bool) [2]
[23]     0.0    0.00    0.00 1307594         increment_counters(std::vector<Counter, std::allocator<Counter> >&) [23]
-----------------------------------------------
                0.00    0.00    2376/892283      generating_sets(std::set<std::vector<std::string, std::allocator<std::string> >, std::less<std::vector<std::string, std::allocator<std::string> > >, std::allocator<std::vector<std::string, std::allocator<std::string> > > >&) [1]
                0.00    0.00  889907/892283      is_subset(std::set<std::vector<std::string, std::allocator<std::string> >, std::less<std::vector<std::string, std::allocator<std::string> > >, std::allocator<std::vector<std::string, std::allocator<std::string> > > >&, std::set<std::vector<std::string, std::allocator<std::string> >, std::less<std::vector<std::string, std::allocator<std::string> > >, std::allocator<std::vector<std::string, std::allocator<std::string> > > >&) [9]
[24]     0.0    0.00    0.00  892283         std::_Rb_tree_const_iterator<std::vector<std::string, std::allocator<std::string> > >::operator++() [24]
-----------------------------------------------
                0.00    0.00   45362/45362       read_tuples(std::set<std::vector<std::string, std::allocator<std::string> >, std::less<std::vector<std::string, std::allocator<std::string> > >, std::allocator<std::vector<std::string, std::allocator<std::string> > > >&) [14]
[25]     0.0    0.00    0.00   45362         std::istreambuf_iterator<char, std::char_traits<char> >::_M_get() const [25]
-----------------------------------------------
                              101680             std::_Rb_tree<std::string, std::string, std::_Identity<std::string>, std::less<std::string>, std::allocator<std::string> >::_M_erase(std::_Rb_tree_node<std::string>*) [26]
                0.00    0.00      42/31878       init_generator(std::vector<std::set<std::string, std::less<std::string>, std::allocator<std::string> >, std::allocator<std::set<std::string, std::less<std::string>, std::allocator<std::string> > > >&, unsigned long) [40]
                0.00    0.00    7560/31878       std::_Rb_tree<std::string, std::string, std::_Identity<std::string>, std::less<std::string>, std::allocator<std::string> >::operator=(std::_Rb_tree<std::string, std::string, std::_Identity<std::string>, std::less<std::string>, std::allocator<std::string> > const&) [30]
                0.00    0.00   24276/31878       void std::_Destroy_aux<false>::__destroy<std::set<std::string, std::less<std::string>, std::allocator<std::string> >*>(std::set<std::string, std::less<std::string>, std::allocator<std::string> >*, std::set<std::string, std::less<std::string>, std::allocator<std::string> >*) [32]
[26]     0.0    0.00    0.00   31878+101680  std::_Rb_tree<std::string, std::string, std::_Identity<std::string>, std::less<std::string>, std::allocator<std::string> >::_M_erase(std::_Rb_tree_node<std::string>*) [26]
                              101680             std::_Rb_tree<std::string, std::string, std::_Identity<std::string>, std::less<std::string>, std::allocator<std::string> >::_M_erase(std::_Rb_tree_node<std::string>*) [26]
-----------------------------------------------
                               35871             std::_Rb_tree<std::string, std::string, std::_Identity<std::string>, std::less<std::string>, std::allocator<std::string> >::_M_copy(std::_Rb_tree_node<std::string> const*, std::_Rb_tree_node<std::string>*) [27]
                0.00    0.00    7560/31710       std::_Rb_tree<std::string, std::string, std::_Identity<std::string>, std::less<std::string>, std::allocator<std::string> >::operator=(std::_Rb_tree<std::string, std::string, std::_Identity<std::string>, std::less<std::string>, std::allocator<std::string> > const&) [30]
                0.00    0.00   24150/31710       std::_Rb_tree<std::string, std::string, std::_Identity<std::string>, std::less<std::string>, std::allocator<std::string> >::_Rb_tree(std::_Rb_tree<std::string, std::string, std::_Identity<std::string>, std::less<std::string>, std::allocator<std::string> > const&) [29]
[27]     0.0    0.00    0.00   31710+35871   std::_Rb_tree<std::string, std::string, std::_Identity<std::string>, std::less<std::string>, std::allocator<std::string> >::_M_copy(std::_Rb_tree_node<std::string> const*, std::_Rb_tree_node<std::string>*) [27]
                0.00    0.00   95832/7956375     frame_dummy [16]
                               35871             std::_Rb_tree<std::string, std::string, std::_Identity<std::string>, std::less<std::string>, std::allocator<std::string> >::_M_copy(std::_Rb_tree_node<std::string> const*, std::_Rb_tree_node<std::string>*) [27]
-----------------------------------------------
                0.00    0.00      42/24318       init_generator(std::vector<std::set<std::string, std::less<std::string>, std::allocator<std::string> >, std::allocator<std::set<std::string, std::less<std::string>, std::allocator<std::string> > > >&, unsigned long) [40]
                0.00    0.00   24276/24318       void std::_Destroy_aux<false>::__destroy<std::set<std::string, std::less<std::string>, std::allocator<std::string> >*>(std::set<std::string, std::less<std::string>, std::allocator<std::string> >*, std::set<std::string, std::less<std::string>, std::allocator<std::string> >*) [32]
[28]     0.0    0.00    0.00   24318         std::_Rb_tree<std::string, std::string, std::_Identity<std::string>, std::less<std::string>, std::allocator<std::string> >::~_Rb_tree() [28]
-----------------------------------------------
                0.00    0.00      18/24276       init_generator(std::vector<std::set<std::string, std::less<std::string>, std::allocator<std::string> >, std::allocator<std::set<std::string, std::less<std::string>, std::allocator<std::string> > > >&, unsigned long) [40]
                0.00    0.00      24/24276       std::vector<std::set<std::string, std::less<std::string>, std::allocator<std::string> >, std::allocator<std::set<std::string, std::less<std::string>, std::allocator<std::string> > > >::_M_insert_aux(__gnu_cxx::__normal_iterator<std::set<std::string, std::less<std::string>, std::allocator<std::string> >*, std::vector<std::set<std::string, std::less<std::string>, std::allocator<std::string> >, std::allocator<std::set<std::string, std::less<std::string>, std::allocator<std::string> > > > >, std::set<std::string, std::less<std::string>, std::allocator<std::string> > const&) [39]
                0.00    0.00      42/24276       std::set<std::string, std::less<std::string>, std::allocator<std::string> >* std::__uninitialized_copy<false>::__uninit_copy<std::set<std::string, std::less<std::string>, std::allocator<std::string> >*, std::set<std::string, std::less<std::string>, std::allocator<std::string> >*>(std::set<std::string, std::less<std::string>, std::allocator<std::string> >*, std::set<std::string, std::less<std::string>, std::allocator<std::string> >*, std::set<std::string, std::less<std::string>, std::allocator<std::string> >*) [38]
                0.00    0.00   24192/24276       is_subset(std::set<std::vector<std::string, std::allocator<std::string> >, std::less<std::vector<std::string, std::allocator<std::string> > >, std::allocator<std::vector<std::string, std::allocator<std::string> > > >&, std::set<std::vector<std::string, std::allocator<std::string> >, std::less<std::vector<std::string, std::allocator<std::string> > >, std::allocator<std::vector<std::string, std::allocator<std::string> > > >&) [9]
[29]     0.0    0.00    0.00   24276         std::_Rb_tree<std::string, std::string, std::_Identity<std::string>, std::less<std::string>, std::allocator<std::string> >::_Rb_tree(std::_Rb_tree<std::string, std::string, std::_Identity<std::string>, std::less<std::string>, std::allocator<std::string> > const&) [29]
                0.00    0.00   24150/31710       std::_Rb_tree<std::string, std::string, std::_Identity<std::string>, std::less<std::string>, std::allocator<std::string> >::_M_copy(std::_Rb_tree_node<std::string> const*, std::_Rb_tree_node<std::string>*) [27]
-----------------------------------------------
                0.00    0.00    7560/7560        std::vector<std::set<std::string, std::less<std::string>, std::allocator<std::string> >, std::allocator<std::set<std::string, std::less<std::string>, std::allocator<std::string> > > >::operator=(std::vector<std::set<std::string, std::less<std::string>, std::allocator<std::string> >, std::allocator<std::set<std::string, std::less<std::string>, std::allocator<std::string> > > > const&) [12]
[30]     0.0    0.00    0.00    7560         std::_Rb_tree<std::string, std::string, std::_Identity<std::string>, std::less<std::string>, std::allocator<std::string> >::operator=(std::_Rb_tree<std::string, std::string, std::_Identity<std::string>, std::less<std::string>, std::allocator<std::string> > const&) [30]
                0.00    0.00    7560/31878       std::_Rb_tree<std::string, std::string, std::_Identity<std::string>, std::less<std::string>, std::allocator<std::string> >::_M_erase(std::_Rb_tree_node<std::string>*) [26]
                0.00    0.00    7560/31710       std::_Rb_tree<std::string, std::string, std::_Identity<std::string>, std::less<std::string>, std::allocator<std::string> >::_M_copy(std::_Rb_tree_node<std::string> const*, std::_Rb_tree_node<std::string>*) [27]
-----------------------------------------------
                0.00    0.00    1080/5616        std::_Rb_tree<std::vector<std::string, std::allocator<std::string> >, std::vector<std::string, std::allocator<std::string> >, std::_Identity<std::vector<std::string, std::allocator<std::string> > >, std::less<std::vector<std::string, std::allocator<std::string> > >, std::allocator<std::vector<std::string, std::allocator<std::string> > > >::_M_copy(std::_Rb_tree_node<std::vector<std::string, std::allocator<std::string> > > const*, std::_Rb_tree_node<std::vector<std::string, std::allocator<std::string> > >*) [13]
                0.00    0.00    1080/5616        std::_Rb_tree<std::vector<std::string, std::allocator<std::string> >, std::vector<std::string, std::allocator<std::string> >, std::_Identity<std::vector<std::string, std::allocator<std::string> > >, std::less<std::vector<std::string, std::allocator<std::string> > >, std::allocator<std::vector<std::string, std::allocator<std::string> > > >::_M_insert_unique(std::vector<std::string, std::allocator<std::string> > const&) [15]
                0.00    0.00    3456/5616        generating_sets(std::set<std::vector<std::string, std::allocator<std::string> >, std::less<std::vector<std::string, std::allocator<std::string> > >, std::allocator<std::vector<std::string, std::allocator<std::string> > > >&) [1]
[31]     0.0    0.00    0.00    5616         insert_tuple(std::vector<std::set<std::string, std::less<std::string>, std::allocator<std::string> >, std::allocator<std::set<std::string, std::less<std::string>, std::allocator<std::string> > > >&, std::vector<std::string, std::allocator<std::string> > const&) [31]
                0.00    0.00    5848/7956375     frame_dummy [16]
-----------------------------------------------
                0.00    0.00      24/3486        std::vector<std::set<std::string, std::less<std::string>, std::allocator<std::string> >, std::allocator<std::set<std::string, std::less<std::string>, std::allocator<std::string> > > >::_M_insert_aux(__gnu_cxx::__normal_iterator<std::set<std::string, std::less<std::string>, std::allocator<std::string> >*, std::vector<std::set<std::string, std::less<std::string>, std::allocator<std::string> >, std::allocator<std::set<std::string, std::less<std::string>, std::allocator<std::string> > > > >, std::set<std::string, std::less<std::string>, std::allocator<std::string> > const&) [39]
                0.00    0.00    3462/3486        std::vector<std::set<std::string, std::less<std::string>, std::allocator<std::string> >, std::allocator<std::set<std::string, std::less<std::string>, std::allocator<std::string> > > >::~vector() [33]
[32]     0.0    0.00    0.00    3486         void std::_Destroy_aux<false>::__destroy<std::set<std::string, std::less<std::string>, std::allocator<std::string> >*>(std::set<std::string, std::less<std::string>, std::allocator<std::string> >*, std::set<std::string, std::less<std::string>, std::allocator<std::string> >*) [32]
                0.00    0.00   24276/31878       std::_Rb_tree<std::string, std::string, std::_Identity<std::string>, std::less<std::string>, std::allocator<std::string> >::_M_erase(std::_Rb_tree_node<std::string>*) [26]
                0.00    0.00   24276/24318       std::_Rb_tree<std::string, std::string, std::_Identity<std::string>, std::less<std::string>, std::allocator<std::string> >::~_Rb_tree() [28]
-----------------------------------------------
                0.00    0.00    3462/3462        generating_sets(std::set<std::vector<std::string, std::allocator<std::string> >, std::less<std::vector<std::string, std::allocator<std::string> > >, std::allocator<std::vector<std::string, std::allocator<std::string> > > >&) [1]
[33]     0.0    0.00    0.00    3462         std::vector<std::set<std::string, std::less<std::string>, std::allocator<std::string> >, std::allocator<std::set<std::string, std::less<std::string>, std::allocator<std::string> > > >::~vector() [33]
                0.00    0.00    3462/3486        void std::_Destroy_aux<false>::__destroy<std::set<std::string, std::less<std::string>, std::allocator<std::string> >*>(std::set<std::string, std::less<std::string>, std::allocator<std::string> >*, std::set<std::string, std::less<std::string>, std::allocator<std::string> >*) [32]
-----------------------------------------------
                0.00    0.00    3457/3457        generating_sets(std::set<std::vector<std::string, std::allocator<std::string> >, std::less<std::vector<std::string, std::allocator<std::string> > >, std::allocator<std::vector<std::string, std::allocator<std::string> > > >&) [1]
[34]     0.0    0.00    0.00    3457         std::_Rb_tree<std::vector<std::string, std::allocator<std::string> >, std::vector<std::string, std::allocator<std::string> >, std::_Identity<std::vector<std::string, std::allocator<std::string> > >, std::less<std::vector<std::string, std::allocator<std::string> > >, std::allocator<std::vector<std::string, std::allocator<std::string> > > >::~_Rb_tree() [34]
-----------------------------------------------
                0.00    0.00    3456/3456        cartesian_product(std::vector<std::set<std::string, std::less<std::string>, std::allocator<std::string> >, std::allocator<std::set<std::string, std::less<std::string>, std::allocator<std::string> > > >&, std::set<std::vector<std::string, std::allocator<std::string> >, std::less<std::vector<std::string, std::allocator<std::string> > >, std::allocator<std::vector<std::string, std::allocator<std::string> > > >&, bool) [2]
[35]     0.0    0.00    0.00    3456         init_counters(std::vector<Counter, std::allocator<Counter> >&, std::vector<std::set<std::string, std::less<std::string>, std::allocator<std::string> >, std::allocator<std::set<std::string, std::less<std::string>, std::allocator<std::string> > > >&) [35]
                0.00    0.00    3456/3456        std::vector<Counter, std::allocator<Counter> >::operator=(std::vector<Counter, std::allocator<Counter> > const&) [37]
-----------------------------------------------
                0.00    0.00    3456/3456        cartesian_product(std::vector<std::set<std::string, std::less<std::string>, std::allocator<std::string> >, std::allocator<std::set<std::string, std::less<std::string>, std::allocator<std::string> > > >&, std::set<std::vector<std::string, std::allocator<std::string> >, std::less<std::vector<std::string, std::allocator<std::string> > >, std::allocator<std::vector<std::string, std::allocator<std::string> > > >&, bool) [2]
[36]     0.0    0.00    0.00    3456         std::_Vector_base<Counter, std::allocator<Counter> >::~_Vector_base() [36]
-----------------------------------------------
                0.00    0.00    3456/3456        init_counters(std::vector<Counter, std::allocator<Counter> >&, std::vector<std::set<std::string, std::less<std::string>, std::allocator<std::string> >, std::allocator<std::set<std::string, std::less<std::string>, std::allocator<std::string> > > >&) [35]
[37]     0.0    0.00    0.00    3456         std::vector<Counter, std::allocator<Counter> >::operator=(std::vector<Counter, std::allocator<Counter> > const&) [37]
-----------------------------------------------
                0.00    0.00      48/48          std::vector<std::set<std::string, std::less<std::string>, std::allocator<std::string> >, std::allocator<std::set<std::string, std::less<std::string>, std::allocator<std::string> > > >::_M_insert_aux(__gnu_cxx::__normal_iterator<std::set<std::string, std::less<std::string>, std::allocator<std::string> >*, std::vector<std::set<std::string, std::less<std::string>, std::allocator<std::string> >, std::allocator<std::set<std::string, std::less<std::string>, std::allocator<std::string> > > > >, std::set<std::string, std::less<std::string>, std::allocator<std::string> > const&) [39]
[38]     0.0    0.00    0.00      48         std::set<std::string, std::less<std::string>, std::allocator<std::string> >* std::__uninitialized_copy<false>::__uninit_copy<std::set<std::string, std::less<std::string>, std::allocator<std::string> >*, std::set<std::string, std::less<std::string>, std::allocator<std::string> >*>(std::set<std::string, std::less<std::string>, std::allocator<std::string> >*, std::set<std::string, std::less<std::string>, std::allocator<std::string> >*, std::set<std::string, std::less<std::string>, std::allocator<std::string> >*) [38]
                0.00    0.00      42/24276       std::_Rb_tree<std::string, std::string, std::_Identity<std::string>, std::less<std::string>, std::allocator<std::string> >::_Rb_tree(std::_Rb_tree<std::string, std::string, std::_Identity<std::string>, std::less<std::string>, std::allocator<std::string> > const&) [29]
-----------------------------------------------
                0.00    0.00      24/24          init_generator(std::vector<std::set<std::string, std::less<std::string>, std::allocator<std::string> >, std::allocator<std::set<std::string, std::less<std::string>, std::allocator<std::string> > > >&, unsigned long) [40]
[39]     0.0    0.00    0.00      24         std::vector<std::set<std::string, std::less<std::string>, std::allocator<std::string> >, std::allocator<std::set<std::string, std::less<std::string>, std::allocator<std::string> > > >::_M_insert_aux(__gnu_cxx::__normal_iterator<std::set<std::string, std::less<std::string>, std::allocator<std::string> >*, std::vector<std::set<std::string, std::less<std::string>, std::allocator<std::string> >, std::allocator<std::set<std::string, std::less<std::string>, std::allocator<std::string> > > > >, std::set<std::string, std::less<std::string>, std::allocator<std::string> > const&) [39]
                0.00    0.00      48/7956375     frame_dummy [16]
                0.00    0.00      48/48          std::set<std::string, std::less<std::string>, std::allocator<std::string> >* std::__uninitialized_copy<false>::__uninit_copy<std::set<std::string, std::less<std::string>, std::allocator<std::string> >*, std::set<std::string, std::less<std::string>, std::allocator<std::string> >*>(std::set<std::string, std::less<std::string>, std::allocator<std::string> >*, std::set<std::string, std::less<std::string>, std::allocator<std::string> >*, std::set<std::string, std::less<std::string>, std::allocator<std::string> >*) [38]
                0.00    0.00      24/3486        void std::_Destroy_aux<false>::__destroy<std::set<std::string, std::less<std::string>, std::allocator<std::string> >*>(std::set<std::string, std::less<std::string>, std::allocator<std::string> >*, std::set<std::string, std::less<std::string>, std::allocator<std::string> >*) [32]
                0.00    0.00      24/24276       std::_Rb_tree<std::string, std::string, std::_Identity<std::string>, std::less<std::string>, std::allocator<std::string> >::_Rb_tree(std::_Rb_tree<std::string, std::string, std::_Identity<std::string>, std::less<std::string>, std::allocator<std::string> > const&) [29]
-----------------------------------------------
                0.00    0.00       6/6           generating_sets(std::set<std::vector<std::string, std::allocator<std::string> >, std::less<std::vector<std::string, std::allocator<std::string> > >, std::allocator<std::vector<std::string, std::allocator<std::string> > > >&) [1]
[40]     0.0    0.00    0.00       6         init_generator(std::vector<std::set<std::string, std::less<std::string>, std::allocator<std::string> >, std::allocator<std::set<std::string, std::less<std::string>, std::allocator<std::string> > > >&, unsigned long) [40]
                0.00    0.00      42/31878       std::_Rb_tree<std::string, std::string, std::_Identity<std::string>, std::less<std::string>, std::allocator<std::string> >::_M_erase(std::_Rb_tree_node<std::string>*) [26]
                0.00    0.00      42/24318       std::_Rb_tree<std::string, std::string, std::_Identity<std::string>, std::less<std::string>, std::allocator<std::string> >::~_Rb_tree() [28]
                0.00    0.00      24/24          std::vector<std::set<std::string, std::less<std::string>, std::allocator<std::string> >, std::allocator<std::set<std::string, std::less<std::string>, std::allocator<std::string> > > >::_M_insert_aux(__gnu_cxx::__normal_iterator<std::set<std::string, std::less<std::string>, std::allocator<std::string> >*, std::vector<std::set<std::string, std::less<std::string>, std::allocator<std::string> >, std::allocator<std::set<std::string, std::less<std::string>, std::allocator<std::string> > > > >, std::set<std::string, std::less<std::string>, std::allocator<std::string> > const&) [39]
                0.00    0.00      18/24276       std::_Rb_tree<std::string, std::string, std::_Identity<std::string>, std::less<std::string>, std::allocator<std::string> >::_Rb_tree(std::_Rb_tree<std::string, std::string, std::_Identity<std::string>, std::less<std::string>, std::allocator<std::string> > const&) [29]
-----------------------------------------------
                0.00    0.00       6/6           generating_sets(std::set<std::vector<std::string, std::allocator<std::string> >, std::less<std::vector<std::string, std::allocator<std::string> > >, std::allocator<std::vector<std::string, std::allocator<std::string> > > >&) [1]
[41]     0.0    0.00    0.00       6         print_generator(std::vector<std::set<std::string, std::less<std::string>, std::allocator<std::string> >, std::allocator<std::set<std::string, std::less<std::string>, std::allocator<std::string> > > >&) [41]
-----------------------------------------------
                0.00    0.00       1/1           __libc_csu_init [51]
[42]     0.0    0.00    0.00       1         _GLOBAL__sub_I__Z11read_tuplesRSt3setISt6vectorISsSaISsEESt4lessIS2_ESaIS2_EE [42]
-----------------------------------------------
                0.00    0.00       1/1           __libc_csu_init [51]
[43]     0.0    0.00    0.00       1         _GLOBAL__sub_I__Z13init_countersRSt6vectorI7CounterSaIS0_EERS_ISt3setISsSt4lessISsESaISsEESaIS8_EE [43]
-----------------------------------------------

 This table describes the call tree of the program, and was sorted by
 the total amount of time spent in each function and its children.

 Each entry in this table consists of several lines.  The line with the
 index number at the left hand margin lists the current function.
 The lines above it list the functions that called this function,
 and the lines below it list the functions this one called.
 This line lists:
     index	A unique number given to each element of the table.
		Index numbers are sorted numerically.
		The index number is printed next to every function name so
		it is easier to look up where the function is in the table.

     % time	This is the percentage of the `total' time that was spent
		in this function and its children.  Note that due to
		different viewpoints, functions excluded by options, etc,
		these numbers will NOT add up to 100%.

     self	This is the total amount of time spent in this function.

     children	This is the total amount of time propagated into this
		function by its children.

     called	This is the number of times the function was called.
		If the function called itself recursively, the number
		only includes non-recursive calls, and is followed by
		a `+' and the number of recursive calls.

     name	The name of the current function.  The index number is
		printed after it.  If the function is a member of a
		cycle, the cycle number is printed between the
		function's name and the index number.


 For the function's parents, the fields have the following meanings:

     self	This is the amount of time that was propagated directly
		from the function into this parent.

     children	This is the amount of time that was propagated from
		the function's children into this parent.

     called	This is the number of times this parent called the
		function `/' the total number of times the function
		was called.  Recursive calls to the function are not
		included in the number after the `/'.

     name	This is the name of the parent.  The parent's index
		number is printed after it.  If the parent is a
		member of a cycle, the cycle number is printed between
		the name and the index number.

 If the parents of the function cannot be determined, the word
 `<spontaneous>' is printed in the `name' field, and all the other
 fields are blank.

 For the function's children, the fields have the following meanings:

     self	This is the amount of time that was propagated directly
		from the child into the function.

     children	This is the amount of time that was propagated from the
		child's children to the function.

     called	This is the number of times the function called
		this child `/' the total number of times the child
		was called.  Recursive calls by the child are not
		listed in the number after the `/'.

     name	This is the name of the child.  The child's index
		number is printed after it.  If the child is a
		member of a cycle, the cycle number is printed
		between the name and the index number.

 If there are any cycles (circles) in the call graph, there is an
 entry for the cycle-as-a-whole.  This entry shows who called the
 cycle (as parents) and the members of the cycle (as children.)
 The `+' recursive calls entry shows the number of function calls that
 were internal to the cycle, and the calls entry for each member shows,
 for that member, how many times it was called from other members of
 the cycle.

Copyright (C) 2012 Free Software Foundation, Inc.

Copying and distribution of this file, with or without modification,
are permitted in any medium without royalty provided the copyright
notice and this notice are preserved.

Index by function name

  [42] _GLOBAL__sub_I__Z11read_tuplesRSt3setISt6vectorISsSaISsEESt4lessIS2_ESaIS2_EE [32] void std::_Destroy_aux<false>::__destroy<std::set<std::string, std::less<std::string>, std::allocator<std::string> >*>(std::set<std::string, std::less<std::string>, std::allocator<std::string> >*, std::set<std::string, std::less<std::string>, std::allocator<std::string> >*) [26] std::_Rb_tree<std::string, std::string, std::_Identity<std::string>, std::less<std::string>, std::allocator<std::string> >::_M_erase(std::_Rb_tree_node<std::string>*)
  [43] _GLOBAL__sub_I__Z13init_countersRSt6vectorI7CounterSaIS0_EERS_ISt3setISsSt4lessISsESaISsEESaIS8_EE [36] std::_Vector_base<Counter, std::allocator<Counter> >::~_Vector_base() [29] std::_Rb_tree<std::string, std::string, std::_Identity<std::string>, std::less<std::string>, std::allocator<std::string> >::_Rb_tree(std::_Rb_tree<std::string, std::string, std::_Identity<std::string>, std::less<std::string>, std::allocator<std::string> > const&)
  [31] insert_tuple(std::vector<std::set<std::string, std::less<std::string>, std::allocator<std::string> >, std::allocator<std::set<std::string, std::less<std::string>, std::allocator<std::string> > > >&, std::vector<std::string, std::allocator<std::string> > const&) [7] std::string* std::__uninitialized_copy<false>::__uninit_copy<std::string*, std::string*>(std::string*, std::string*, std::string*) [28] std::_Rb_tree<std::string, std::string, std::_Identity<std::string>, std::less<std::string>, std::allocator<std::string> >::~_Rb_tree()
  [35] init_counters(std::vector<Counter, std::allocator<Counter> >&, std::vector<std::set<std::string, std::less<std::string>, std::allocator<std::string> >, std::allocator<std::set<std::string, std::less<std::string>, std::allocator<std::string> > > >&) [38] std::set<std::string, std::less<std::string>, std::allocator<std::string> >* std::__uninitialized_copy<false>::__uninit_copy<std::set<std::string, std::less<std::string>, std::allocator<std::string> >*, std::set<std::string, std::less<std::string>, std::allocator<std::string> >*>(std::set<std::string, std::less<std::string>, std::allocator<std::string> >*, std::set<std::string, std::less<std::string>, std::allocator<std::string> >*, std::set<std::string, std::less<std::string>, std::allocator<std::string> >*) [30] std::_Rb_tree<std::string, std::string, std::_Identity<std::string>, std::less<std::string>, std::allocator<std::string> >::operator=(std::_Rb_tree<std::string, std::string, std::_Identity<std::string>, std::less<std::string>, std::allocator<std::string> > const&)
  [40] init_generator(std::vector<std::set<std::string, std::less<std::string>, std::allocator<std::string> >, std::allocator<std::set<std::string, std::less<std::string>, std::allocator<std::string> > > >&, unsigned long) [24] std::_Rb_tree_const_iterator<std::vector<std::string, std::allocator<std::string> > >::operator++() [10] std::_Rb_tree<std::vector<std::string, std::allocator<std::string> >, std::vector<std::string, std::allocator<std::string> >, std::_Identity<std::vector<std::string, std::allocator<std::string> > >, std::less<std::vector<std::string, std::allocator<std::string> > >, std::allocator<std::vector<std::string, std::allocator<std::string> > > >::_M_insert_(std::_Rb_tree_node_base*, std::_Rb_tree_node_base*, std::vector<std::string, std::allocator<std::string> > const&)
   [3] populate_tuple(std::vector<std::string, std::allocator<std::string> >&, std::vector<Counter, std::allocator<Counter> >&) [37] std::vector<Counter, std::allocator<Counter> >::operator=(std::vector<Counter, std::allocator<Counter> > const&) [15] std::_Rb_tree<std::vector<std::string, std::allocator<std::string> >, std::vector<std::string, std::allocator<std::string> >, std::_Identity<std::vector<std::string, std::allocator<std::string> > >, std::less<std::vector<std::string, std::allocator<std::string> > >, std::allocator<std::vector<std::string, std::allocator<std::string> > > >::_M_insert_unique(std::vector<std::string, std::allocator<std::string> > const&)
  [41] print_generator(std::vector<std::set<std::string, std::less<std::string>, std::allocator<std::string> >, std::allocator<std::set<std::string, std::less<std::string>, std::allocator<std::string> > > >&) [4] std::vector<std::string, std::allocator<std::string> >::_M_insert_aux(__gnu_cxx::__normal_iterator<std::string*, std::vector<std::string, std::allocator<std::string> > >, std::string const&) [13] std::_Rb_tree<std::vector<std::string, std::allocator<std::string> >, std::vector<std::string, std::allocator<std::string> >, std::_Identity<std::vector<std::string, std::allocator<std::string> > >, std::less<std::vector<std::string, std::allocator<std::string> > >, std::allocator<std::vector<std::string, std::allocator<std::string> > > >::_M_copy(std::_Rb_tree_node<std::vector<std::string, std::allocator<std::string> > > const*, std::_Rb_tree_node<std::vector<std::string, std::allocator<std::string> > >*)
   [2] cartesian_product(std::vector<std::set<std::string, std::less<std::string>, std::allocator<std::string> >, std::allocator<std::set<std::string, std::less<std::string>, std::allocator<std::string> > > >&, std::set<std::vector<std::string, std::allocator<std::string> >, std::less<std::vector<std::string, std::allocator<std::string> > >, std::allocator<std::vector<std::string, std::allocator<std::string> > > >&, bool) [8] std::vector<std::string, std::allocator<std::string> >::~vector() [11] std::_Rb_tree<std::vector<std::string, std::allocator<std::string> >, std::vector<std::string, std::allocator<std::string> >, std::_Identity<std::vector<std::string, std::allocator<std::string> > >, std::less<std::vector<std::string, std::allocator<std::string> > >, std::allocator<std::vector<std::string, std::allocator<std::string> > > >::_M_erase(std::_Rb_tree_node<std::vector<std::string, std::allocator<std::string> > >*)
  [23] increment_counters(std::vector<Counter, std::allocator<Counter> >&) [39] std::vector<std::set<std::string, std::less<std::string>, std::allocator<std::string> >, std::allocator<std::set<std::string, std::less<std::string>, std::allocator<std::string> > > >::_M_insert_aux(__gnu_cxx::__normal_iterator<std::set<std::string, std::less<std::string>, std::allocator<std::string> >*, std::vector<std::set<std::string, std::less<std::string>, std::allocator<std::string> >, std::allocator<std::set<std::string, std::less<std::string>, std::allocator<std::string> > > > >, std::set<std::string, std::less<std::string>, std::allocator<std::string> > const&) [34] std::_Rb_tree<std::vector<std::string, std::allocator<std::string> >, std::vector<std::string, std::allocator<std::string> >, std::_Identity<std::vector<std::string, std::allocator<std::string> > >, std::less<std::vector<std::string, std::allocator<std::string> > >, std::allocator<std::vector<std::string, std::allocator<std::string> > > >::~_Rb_tree()
   [9] is_subset(std::set<std::vector<std::string, std::allocator<std::string> >, std::less<std::vector<std::string, std::allocator<std::string> > >, std::allocator<std::vector<std::string, std::allocator<std::string> > > >&, std::set<std::vector<std::string, std::allocator<std::string> >, std::less<std::vector<std::string, std::allocator<std::string> > >, std::allocator<std::vector<std::string, std::allocator<std::string> > > >&) [33] std::vector<std::set<std::string, std::less<std::string>, std::allocator<std::string> >, std::allocator<std::set<std::string, std::less<std::string>, std::allocator<std::string> > > >::~vector() [5] bool std::operator< <std::string, std::allocator<std::string> >(std::vector<std::string, std::allocator<std::string> > const&, std::vector<std::string, std::allocator<std::string> > const&)
  [25] std::istreambuf_iterator<char, std::char_traits<char> >::_M_get() const [12] std::vector<std::set<std::string, std::less<std::string>, std::allocator<std::string> >, std::allocator<std::set<std::string, std::less<std::string>, std::allocator<std::string> > > >::operator=(std::vector<std::set<std::string, std::less<std::string>, std::allocator<std::string> >, std::allocator<std::set<std::string, std::less<std::string>, std::allocator<std::string> > > > const&) [16] frame_dummy
   [6] void std::_Destroy_aux<false>::__destroy<std::string*>(std::string*, std::string*) [27] std::_Rb_tree<std::string, std::string, std::_Identity<std::string>, std::less<std::string>, std::allocator<std::string> >::_M_copy(std::_Rb_tree_node<std::string> const*, std::_Rb_tree_node<std::string>*)
